This is XeTeX, Version 3.14159265-2.6-0.999991 (TeX Live 2019/Arch Linux) (preloaded format=xelatex 2020.5.18)  16 JUN 2020 05:28
entering extended mode
 restricted \write18 enabled.
 %&-line parsing enabled.
**&xelatex prv_try_latex.ini \nonstopmode\nofiles\PassOptionsToPackage{active,tightpage,auctex}{preview}\AtBeginDocument{\ifx\ifPreview\undefined\RequirePackage[displaymath,floats,graphics,textmath,sections,footnotes]{preview}[2004/11/05]\fi} \input \detokenize{ try_latex.tex }
(./prv_try_latex.ini
LaTeX2e <2019-10-01> patch level 1
(/usr/share/texmf-dist/tex/latex/carlisle/mylatex.ltx) (/usr/share/texmf-dist/tex/latex/tools/.tex File ignored))
No auxiliary output files.

(./try_latex.tex (/usr/share/texmf-dist/tex/latex/ctex/ctexart.cls (/usr/share/texmf-dist/tex/latex/l3kernel/expl3.sty
Package: expl3 2019-10-28 L3 programming layer (loader) 
 (/usr/share/texmf-dist/tex/latex/l3kernel/expl3-code.tex
Package: expl3 2019-10-28 L3 programming layer (code)
\c_max_int=\count80
\l_tmpa_int=\count81
\l_tmpb_int=\count82
\g_tmpa_int=\count83
\g_tmpb_int=\count84
\l__seq_internal_a_int=\count85
\l__seq_internal_b_int=\count86
\g__kernel_prg_map_int=\count87
\c__ior_term_noprompt_ior=\count88
\c_log_iow=\count89
\l_iow_line_count_int=\count90
\l__iow_line_target_int=\count91
\l__iow_one_indent_int=\count92
\l__iow_indent_int=\count93
\c_zero_dim=\dimen102
\c_max_dim=\dimen103
\l_tmpa_dim=\dimen104
\l_tmpb_dim=\dimen105
\g_tmpa_dim=\dimen106
\g_tmpb_dim=\dimen107
\c_zero_skip=\skip41
\c_max_skip=\skip42
\l_tmpa_skip=\skip43
\l_tmpb_skip=\skip44
\g_tmpa_skip=\skip45
\g_tmpb_skip=\skip46
\c_zero_muskip=\muskip10
\c_max_muskip=\muskip11
\l_tmpa_muskip=\muskip12
\l_tmpb_muskip=\muskip13
\g_tmpa_muskip=\muskip14
\g_tmpb_muskip=\muskip15
\l_keys_choice_int=\count94
\l__intarray_loop_int=\count95
\c__intarray_sp_dim=\dimen108
\g__intarray_font_int=\count96
\c__fp_leading_shift_int=\count97
\c__fp_middle_shift_int=\count98
\c__fp_trailing_shift_int=\count99
\c__fp_big_leading_shift_int=\count100
\c__fp_big_middle_shift_int=\count101
\c__fp_big_trailing_shift_int=\count102
\c__fp_Bigg_leading_shift_int=\count103
\c__fp_Bigg_middle_shift_int=\count104
\c__fp_Bigg_trailing_shift_int=\count105
\g__fp_array_int=\count106
\l__fp_array_loop_int=\count107
\l__sort_length_int=\count108
\l__sort_min_int=\count109
\l__sort_top_int=\count110
\l__sort_max_int=\count111
\l__sort_true_max_int=\count112
\l__sort_block_int=\count113
\l__sort_begin_int=\count114
\l__sort_end_int=\count115
\l__sort_A_int=\count116
\l__sort_B_int=\count117
\l__sort_C_int=\count118
\l__str_internal_int=\count119
\l__tl_analysis_normal_int=\count120
\l__tl_analysis_index_int=\count121
\l__tl_analysis_nesting_int=\count122
\l__tl_analysis_type_int=\count123
\l__regex_internal_a_int=\count124
\l__regex_internal_b_int=\count125
\l__regex_internal_c_int=\count126
\l__regex_balance_int=\count127
\l__regex_group_level_int=\count128
\l__regex_mode_int=\count129
\c__regex_cs_in_class_mode_int=\count130
\c__regex_cs_mode_int=\count131
\l__regex_catcodes_int=\count132
\l__regex_default_catcodes_int=\count133
\c__regex_catcode_L_int=\count134
\c__regex_catcode_O_int=\count135
\c__regex_catcode_A_int=\count136
\c__regex_all_catcodes_int=\count137
\l__regex_show_lines_int=\count138
\l__regex_min_state_int=\count139
\l__regex_max_state_int=\count140
\l__regex_left_state_int=\count141
\l__regex_right_state_int=\count142
\l__regex_capturing_group_int=\count143
\l__regex_min_pos_int=\count144
\l__regex_max_pos_int=\count145
\l__regex_curr_pos_int=\count146
\l__regex_start_pos_int=\count147
\l__regex_success_pos_int=\count148
\l__regex_curr_char_int=\count149
\l__regex_curr_catcode_int=\count150
\l__regex_last_char_int=\count151
\l__regex_case_changed_char_int=\count152
\l__regex_curr_state_int=\count153
\l__regex_step_int=\count154
\l__regex_min_active_int=\count155
\l__regex_max_active_int=\count156
\l__regex_replacement_csnames_int=\count157
\l__regex_match_count_int=\count158
\l__regex_min_submatch_int=\count159
\l__regex_submatch_int=\count160
\l__regex_zeroth_submatch_int=\count161
\g__regex_trace_regex_int=\count162
\c_empty_box=\box27
\l_tmpa_box=\box28
\l_tmpb_box=\box29
\g_tmpa_box=\box30
\g_tmpb_box=\box31
\l__box_top_dim=\dimen109
\l__box_bottom_dim=\dimen110
\l__box_left_dim=\dimen111
\l__box_right_dim=\dimen112
\l__box_top_new_dim=\dimen113
\l__box_bottom_new_dim=\dimen114
\l__box_left_new_dim=\dimen115
\l__box_right_new_dim=\dimen116
\l__box_internal_box=\box32
\l__coffin_internal_box=\box33
\l__coffin_internal_dim=\dimen117
\l__coffin_offset_x_dim=\dimen118
\l__coffin_offset_y_dim=\dimen119
\l__coffin_x_dim=\dimen120
\l__coffin_y_dim=\dimen121
\l__coffin_x_prime_dim=\dimen122
\l__coffin_y_prime_dim=\dimen123
\c_empty_coffin=\box34
\l__coffin_aligned_coffin=\box35
\l__coffin_aligned_internal_coffin=\box36
\l_tmpa_coffin=\box37
\l_tmpb_coffin=\box38
\g_tmpa_coffin=\box39
\g_tmpb_coffin=\box40
\l__coffin_bounding_shift_dim=\dimen124
\l__coffin_left_corner_dim=\dimen125
\l__coffin_right_corner_dim=\dimen126
\l__coffin_bottom_corner_dim=\dimen127
\l__coffin_top_corner_dim=\dimen128
\l__coffin_scaled_total_height_dim=\dimen129
\l__coffin_scaled_width_dim=\dimen130
\c__coffin_empty_coffin=\box41
\l__coffin_display_coffin=\box42
\l__coffin_display_coord_coffin=\box43
\l__coffin_display_pole_coffin=\box44
\l__coffin_display_offset_dim=\dimen131
\l__coffin_display_x_dim=\dimen132
\l__coffin_display_y_dim=\dimen133
\g__char_data_ior=\read1
 (/usr/share/texmf-dist/tex/latex/l3kernel/l3deprecation.def
File: l3deprecation.def 2019-04-06 v L3 Deprecated functions
)) (/usr/share/texmf-dist/tex/latex/l3backend/l3backend-xdvipdfmx.def
File: l3backend-xdvipdfmx.def 2019-04-06 L3 backend support: xdvipdfmx
\g__graphics_track_int=\count163
\l__pdf_internal_box=\box45
\g__pdf_backend_object_int=\count164
\g__pdf_backend_annotation_int=\count165
))
Document Class: ctexart 2019/05/29 v2.4.16 Chinese adapter for class article (CTEX)
(/usr/share/texmf-dist/tex/latex/l3packages/xparse/xparse.sty
Package: xparse 2019-10-11 L3 Experimental document command parser
\l__xparse_current_arg_int=\count166
\g__xparse_grabber_int=\count167
\l__xparse_m_args_int=\count168
\l__xparse_v_nesting_int=\count169
) (/usr/share/texmf-dist/tex/latex/l3packages/l3keys2e/l3keys2e.sty
Package: l3keys2e 2019-10-11 LaTeX2e option processing using LaTeX3 keys
) (/usr/share/texmf-dist/tex/latex/ctex/ctexhook.sty
Package: ctexhook 2019/05/29 v2.4.16 Document and package hooks (CTEX)
) (/usr/share/texmf-dist/tex/latex/ctex/ctexpatch.sty
Package: ctexpatch 2019/05/29 v2.4.16 Patching commands (CTEX)
) (/usr/share/texmf-dist/tex/latex/base/fix-cm.sty
Package: fix-cm 2015/01/14 v1.1t fixes to LaTeX
 (/usr/share/texmf-dist/tex/latex/base/ts1enc.def
File: ts1enc.def 2001/06/05 v3.0e (jk/car/fm) Standard LaTeX file
)) (/usr/share/texmf-dist/tex/latex/ms/everysel.sty
Package: everysel 2011/10/28 v1.2 EverySelectfont Package (MS)
)
\l__ctex_tmp_int=\count170
\l__ctex_tmp_box=\box46
\l__ctex_tmp_dim=\dimen134
\g__ctex_section_depth_int=\count171
\g__ctex_font_size_int=\count172
 (/usr/share/texmf-dist/tex/latex/ctex/config/ctexopts.cfg
File: ctexopts.cfg 2019/05/29 v2.4.16 Option configuration file (CTEX)
) (/usr/share/texmf-dist/tex/latex/base/article.cls
Document Class: article 2019/08/27 v1.4j Standard LaTeX document class
(/usr/share/texmf-dist/tex/latex/base/size10.clo
File: size10.clo 2019/08/27 v1.4j Standard LaTeX file (size option)
)
\c@part=\count173
\c@section=\count174
\c@subsection=\count175
\c@subsubsection=\count176
\c@paragraph=\count177
\c@subparagraph=\count178
\c@figure=\count179
\c@table=\count180
\abovecaptionskip=\skip47
\belowcaptionskip=\skip48
\bibindent=\dimen135
) (/usr/share/texmf-dist/tex/latex/ctex/engine/ctex-engine-xetex.def
File: ctex-engine-xetex.def 2019/05/29 v2.4.16 XeLaTeX adapter (CTEX)
 (/usr/share/texmf-dist/tex/xelatex/xecjk/xeCJK.sty
Package: xeCJK 2019/06/02 v3.7.4 Typesetting CJK scripts with XeLaTeX
 (/usr/share/texmf-dist/tex/latex/l3packages/xtemplate/xtemplate.sty
Package: xtemplate 2019-10-11 L3 Experimental prototype document functions
\l__xtemplate_tmp_dim=\dimen136
\l__xtemplate_tmp_int=\count181
\l__xtemplate_tmp_muskip=\muskip16
\l__xtemplate_tmp_skip=\skip49
)
\l__xeCJK_tmp_int=\count182
\l__xeCJK_tmp_box=\box47
\l__xeCJK_tmp_dim=\dimen137
\l__xeCJK_tmp_skip=\skip50
\g__xeCJK_space_factor_int=\count183
\l__xeCJK_begin_int=\count184
\l__xeCJK_end_int=\count185
\c__xeCJK_CJK_class_int=\XeTeXcharclass1
\c__xeCJK_FullLeft_class_int=\XeTeXcharclass2
\c__xeCJK_FullRight_class_int=\XeTeXcharclass3
\c__xeCJK_HalfLeft_class_int=\XeTeXcharclass4
\c__xeCJK_HalfRight_class_int=\XeTeXcharclass5
\c__xeCJK_NormalSpace_class_int=\XeTeXcharclass6
\c__xeCJK_CM_class_int=\XeTeXcharclass7
\c__xeCJK_HangulJamo_class_int=\XeTeXcharclass8
\l__xeCJK_last_skip=\skip51
\g__xeCJK_node_int=\count186
\c__xeCJK_CJK_node_dim=\dimen138
\c__xeCJK_CJK-space_node_dim=\dimen139
\c__xeCJK_default_node_dim=\dimen140
\c__xeCJK_default-space_node_dim=\dimen141
\c__xeCJK_CJK-widow_node_dim=\dimen142
\c__xeCJK_normalspace_node_dim=\dimen143
\l__xeCJK_ccglue_skip=\skip52
\l__xeCJK_ecglue_skip=\skip53
\l__xeCJK_punct_kern_skip=\skip54
\l__xeCJK_last_penalty_int=\count187
\l__xeCJK_last_bound_dim=\dimen144
\l__xeCJK_last_kern_dim=\dimen145
\l__xeCJK_widow_penalty_int=\count188

Package xtemplate Info: Declaring object type 'xeCJK/punctuation' taking 0
(xtemplate)             argument(s) on line 2323.

\l__xeCJK_fixed_punct_width_dim=\dimen146
\l__xeCJK_mixed_punct_width_dim=\dimen147
\l__xeCJK_middle_punct_width_dim=\dimen148
\l__xeCJK_fixed_margin_width_dim=\dimen149
\l__xeCJK_mixed_margin_width_dim=\dimen150
\l__xeCJK_middle_margin_width_dim=\dimen151
\l__xeCJK_bound_punct_width_dim=\dimen152
\l__xeCJK_bound_margin_width_dim=\dimen153
\l__xeCJK_margin_minimum_dim=\dimen154
\l__xeCJK_kerning_total_width_dim=\dimen155
\l__xeCJK_same_align_margin_dim=\dimen156
\l__xeCJK_different_align_margin_dim=\dimen157
\l__xeCJK_kerning_margin_width_dim=\dimen158
\l__xeCJK_kerning_margin_minimum_dim=\dimen159
\l__xeCJK_bound_dim=\dimen160
\l__xeCJK_reverse_bound_dim=\dimen161
\l__xeCJK_margin_dim=\dimen162
\l__xeCJK_minimum_bound_dim=\dimen163
\l__xeCJK_kerning_margin_dim=\dimen164
\g__xeCJK_family_int=\count189
\l__xeCJK_fam_int=\count190
\g__xeCJK_fam_allocation_int=\count191
\l__xeCJK_verb_case_int=\count192
\l__xeCJK_verb_exspace_skip=\skip55
 (/usr/share/texmf-dist/tex/latex/fontspec/fontspec.sty
Package: fontspec 2019/10/19 v2.7d Font selection for XeLaTeX and LuaLaTeX
 (/usr/share/texmf-dist/tex/latex/fontspec/fontspec-xetex.sty
Package: fontspec-xetex 2019/10/19 v2.7d Font selection for XeLaTeX and LuaLaTeX
\l__fontspec_script_int=\count193
\l__fontspec_language_int=\count194
\l__fontspec_strnum_int=\count195
\l__fontspec_tmp_int=\count196
\l__fontspec_tmpa_int=\count197
\l__fontspec_tmpb_int=\count198
\l__fontspec_tmpc_int=\count199
\l__fontspec_em_int=\count266
\l__fontspec_emdef_int=\count267
\l__fontspec_strong_int=\count268
\l__fontspec_strongdef_int=\count269
\l__fontspec_tmpa_dim=\dimen165
\l__fontspec_tmpb_dim=\dimen166
\l__fontspec_tmpc_dim=\dimen167
 (/usr/share/texmf-dist/tex/latex/base/fontenc.sty
Package: fontenc 2018/08/11 v2.0j Standard LaTeX package
 (/usr/share/texmf-dist/tex/latex/base/tuenc.def
File: tuenc.def 2018/08/11 v2.0j Standard LaTeX file
LaTeX Font Info:    Redeclaring font encoding TU on input line 82.
)) (/usr/share/texmf-dist/tex/latex/fontspec/fontspec.cfg)
LaTeX Info: Redefining \itshape on input line 4047.
LaTeX Info: Redefining \slshape on input line 4052.
LaTeX Info: Redefining \scshape on input line 4057.
LaTeX Info: Redefining \upshape on input line 4062.
LaTeX Info: Redefining \em on input line 4092.
LaTeX Info: Redefining \emph on input line 4117.
)) (/usr/share/texmf-dist/tex/xelatex/xecjk/xeCJK.cfg
File: xeCJK.cfg 2019/06/02 v3.7.4 Configuration file for xeCJK package
)) (/usr/share/texmf-dist/tex/xelatex/xecjk/xeCJKfntef.sty
Package: xeCJKfntef 2019/06/02 v3.7.4 xeCJK font effect
 (/usr/share/texmf-dist/tex/generic/ulem/ulem.sty
\UL@box=\box48
\UL@hyphenbox=\box49
\UL@skip=\skip56
\UL@hook=\toks14
\UL@height=\dimen168
\UL@pe=\count270
\UL@pixel=\dimen169
\ULC@box=\box50
Package: ulem 2012/05/18
\ULdepth=\dimen170
) (/usr/share/texmf-dist/tex/latex/cjk/texinput/CJKfntef.sty
Package: CJKfntef 2015/04/18 4.8.4
\CJK@fntefSkip=\skip57
\CJK@nest=\count271
\CJK@fntefDimen=\dimen171
\CJK@underdotBox=\box51
\CJK@ULbox=\box52
\CJK@underanyskip=\dimen172
)
\l__xeCJK_space_skip=\skip58
\c__xeCJK_ulem-begin_node_dim=\dimen173
\c__xeCJK_null_box=\box53
\l__xeCJK_fntef_box=\box54
\l__xeCJK_under_symbol_box=\box55
\c__xeCJK_filll_skip=\skip59
)
\ccwd=\dimen174
\l__ctex_ccglue_skip=\skip60
)
\l__ctex_ziju_dim=\dimen175
 (/usr/share/texmf-dist/tex/latex/zhnumber/zhnumber.sty
Package: zhnumber 2019/04/07 v2.7 Typesetting numbers with Chinese glyphs
\l__zhnum_scale_int=\count272
 (/usr/share/texmf-dist/tex/latex/zhnumber/zhnumber-utf8.cfg
File: zhnumber-utf8.cfg 2019/04/07 v2.7 Chinese numerals with UTF8 encoding
))
\l__ctex_heading_skip=\skip61
 (/usr/share/texmf-dist/tex/latex/ctex/scheme/ctex-scheme-chinese-article.def
File: ctex-scheme-chinese-article.def 2019/05/29 v2.4.16 Chinese scheme for article (CTEX)
 (/usr/share/texmf-dist/tex/latex/ctex/config/ctex-name-utf8.cfg
File: ctex-name-utf8.cfg 2019/05/29 v2.4.16 Caption with encoding UTF8 (CTEX)
))
(/usr/share/texmf-dist/tex/latex/ctex/ctex-c5size.clo
File: ctex-c5size.clo 2019/05/29 v2.4.16 c5size option (CTEX)
) (/usr/share/texmf-dist/tex/latex/ctex/fontset/ctex-fontset-fandol.def
File: ctex-fontset-fandol.def 2019/05/29 v2.4.16 Fandol fonts definition (CTEX)


Package fontspec Warning: Font "FandolSong-Regular" does not contain requested
(fontspec)                Script "CJK".


Package fontspec Info: Font family 'FandolSong-Regular(0)' created for font
(fontspec)             'FandolSong-Regular' with options
(fontspec)             [Script={CJK},Extension={.otf},BoldFont={FandolSong-Bold},ItalicFont={FandolKai-Regular}].
(fontspec)              
(fontspec)              This font family consists of the following NFSS
(fontspec)             series/shapes:
(fontspec)              
(fontspec)             - 'normal' (m/n) with NFSS spec.:
(fontspec)             <->"[FandolSong-Regular.otf]/OT"
(fontspec)             - 'small caps'  (m/sc) with NFSS spec.: 
(fontspec)             - 'bold' (bx/n) with NFSS spec.:
(fontspec)             <->"[FandolSong-Bold.otf]/OT"
(fontspec)             - 'bold small caps'  (bx/sc) with NFSS spec.: 
(fontspec)             - 'italic' (m/it) with NFSS spec.:
(fontspec)             <->"[FandolKai-Regular.otf]/OT"
(fontspec)             - 'italic small caps'  (m/itsc) with NFSS spec.: 

)) (/usr/share/texmf-dist/tex/latex/ctex/config/ctex.cfg
File: ctex.cfg 2019/05/29 v2.4.16 Configuration file (CTEX)
)
LaTeX Font Info:    External font `cmex10' loaded for size
(Font)              <10.53937> on input line 7.
LaTeX Font Info:    External font `cmex10' loaded for size
(Font)              <7> on input line 7.
LaTeX Font Info:    External font `cmex10' loaded for size
(Font)              <5> on input line 7.


Package fontspec Warning: Font "FandolFang-Regular" does not contain requested
(fontspec)                Script "CJK".


Package fontspec Info: Font family 'FandolFang-Regular(0)' created for font
(fontspec)             'FandolFang-Regular' with options
(fontspec)             [Script={CJK},Extension={.otf}].
(fontspec)              
(fontspec)              This font family consists of the following NFSS
(fontspec)             series/shapes:
(fontspec)              
(fontspec)             - 'normal' (m/n) with NFSS spec.:
(fontspec)             <->"[FandolFang-Regular.otf]/OT"
(fontspec)             - 'small caps'  (m/sc) with NFSS spec.: 


Package fontspec Warning: Font "FandolHei-Regular" does not contain requested
(fontspec)                Script "CJK".


Package fontspec Info: Font family 'FandolHei-Regular(0)' created for font
(fontspec)             'FandolHei-Regular' with options
(fontspec)             [Script={CJK},Extension={.otf},BoldFont={FandolHei-Bold}].
(fontspec)              
(fontspec)              This font family consists of the following NFSS
(fontspec)             series/shapes:
(fontspec)              
(fontspec)             - 'normal' (m/n) with NFSS spec.:
(fontspec)             <->"[FandolHei-Regular.otf]/OT"
(fontspec)             - 'small caps'  (m/sc) with NFSS spec.: 
(fontspec)             - 'bold' (bx/n) with NFSS spec.:
(fontspec)             <->"[FandolHei-Bold.otf]/OT"
(fontspec)             - 'bold small caps'  (bx/sc) with NFSS spec.: 

 )
Beginning to dump on file prv_try_latex.fmt
 (preloaded format=prv_try_latex 2020.6.16)
89394 strings of total length 500459
480295 memory locations dumped; current usage is 1592&438942
20757 multiletter control sequences
\font\nullfont=nullfont
\font\OMX/cmex/m/n/5=cmex10
\font\tenln=line10
\font\tenlnw=linew10
\font\tencirc=lcircle10
\font\tencircw=lcirclew10
\font\OT1/cmr/m/n/5=cmr5
\font\OT1/cmr/m/n/7=cmr7
\font\OT1/cmr/m/n/10=cmr10
\font\OML/cmm/m/it/5=cmmi5
\font\OML/cmm/m/it/7=cmmi7
\font\OML/cmm/m/it/10=cmmi10
\font\OMS/cmsy/m/n/5=cmsy5
\font\OMS/cmsy/m/n/7=cmsy7
\font\OMS/cmsy/m/n/10=cmsy10
\font\c__fp_exp_intarray=cmr10 at 0.00002pt
\font\c__fp_trig_intarray=cmr10 at 0.00003pt
\font\g__regex_charcode_intarray=cmr10 at 0.00005pt
\font\g__regex_catcode_intarray=cmr10 at 0.00006pt
\font\g__regex_balance_intarray=cmr10 at 0.00008pt
\font\g__regex_state_active_intarray=cmr10 at 0.00009pt
\font\g__regex_thread_state_intarray=cmr10 at 0.0001pt
\font\g__regex_submatch_prev_intarray=cmr10 at 0.00012pt
\font\g__regex_submatch_begin_intarray=cmr10 at 0.00014pt
\font\g__regex_submatch_end_intarray=cmr10 at 0.00015pt
\font\TU/lmr/m/n/10=[lmroman10-regular]:mapping=tex-text;
! Can't \dump a format with native fonts or font-mappings.
<*> ...05]\fi} \input \detokenize{ try_latex.tex }
                                                  
You really, really don't want to do this.
It won't work, and only confuses me.
(Load them at runtime, not as part of the format file.)

 at 10.0pt
\font\TU/lmr/bx/n/10=[lmroman10-bold]:mapping=tex-text;
! Can't \dump a format with native fonts or font-mappings.
<*> ...05]\fi} \input \detokenize{ try_latex.tex }
                                                  
You really, really don't want to do this.
It won't work, and only confuses me.
(Load them at runtime, not as part of the format file.)

 at 10.0pt
\font\TU/lmr/m/it/10=[lmroman10-italic]:mapping=tex-text;
! Can't \dump a format with native fonts or font-mappings.
<*> ...05]\fi} \input \detokenize{ try_latex.tex }
                                                  
You really, really don't want to do this.
It won't work, and only confuses me.
(Load them at runtime, not as part of the format file.)

 at 10.0pt
\font\sixly=lasy6
\font\TU/lmr/m/n/7.52812=[lmroman8-regular]:mapping=tex-text;
! Can't \dump a format with native fonts or font-mappings.
<*> ...05]\fi} \input \detokenize{ try_latex.tex }
                                                  
You really, really don't want to do this.
It won't work, and only confuses me.
(Load them at runtime, not as part of the format file.)

 at 7.52812pt
\font\TU/lmr/m/n/10.53937=[lmroman10-regular]:mapping=tex-text;
! Can't \dump a format with native fonts or font-mappings.
<*> ...05]\fi} \input \detokenize{ try_latex.tex }
                                                  
You really, really don't want to do this.
It won't work, and only confuses me.
(Load them at runtime, not as part of the format file.)

 at 10.53937pt
\font\l__fontspec_test_font=[FandolSong-Regular.otf]/OT
! Can't \dump a format with native fonts or font-mappings.
<*> ...05]\fi} \input \detokenize{ try_latex.tex }
                                                  
You really, really don't want to do this.
It won't work, and only confuses me.
(Load them at runtime, not as part of the format file.)

 at 10.53934pt
\font\l_fontspec_font=[FandolSong-Regular.otf]/OT
! Can't \dump a format with native fonts or font-mappings.
<*> ...05]\fi} \input \detokenize{ try_latex.tex }
                                                  
You really, really don't want to do this.
It won't work, and only confuses me.
(Load them at runtime, not as part of the format file.)

 at 10.53937pt
\font\l_fontspec_font=[FandolSong-Bold.otf]/OT
! Can't \dump a format with native fonts or font-mappings.
<*> ...05]\fi} \input \detokenize{ try_latex.tex }
                                                  
You really, really don't want to do this.
It won't work, and only confuses me.
(Load them at runtime, not as part of the format file.)

 at 10.53937pt
\font\l_fontspec_font=[FandolKai-Regular.otf]/OT
! Can't \dump a format with native fonts or font-mappings.
<*> ...05]\fi} \input \detokenize{ try_latex.tex }
                                                  
You really, really don't want to do this.
It won't work, and only confuses me.
(Load them at runtime, not as part of the format file.)

 at 10.53937pt
\font\OT1/cmr/m/n/10.53937=cmr10 at 10.53937pt
\font\OML/cmm/m/it/10.53937=cmmi10 at 10.53937pt
\font\OMS/cmsy/m/n/10.53937=cmsy10 at 10.53937pt
\font\TU/lmr/m/n/12.045=[lmroman12-regular]:mapping=tex-text;
! Can't \dump a format with native fonts or font-mappings.
<*> ...05]\fi} \input \detokenize{ try_latex.tex }
                                                  
You really, really don't want to do this.
It won't work, and only confuses me.
(Load them at runtime, not as part of the format file.)

\font\TU/lmr/bx/n/10.53937=[lmroman10-bold]:mapping=tex-text;
! Can't \dump a format with native fonts or font-mappings.
<*> ...05]\fi} \input \detokenize{ try_latex.tex }
                                                  
You really, really don't want to do this.
It won't work, and only confuses me.
(Load them at runtime, not as part of the format file.)

 at 10.53937pt
\font\TU/lmr/bx/it/10.53937=[lmroman10-bolditalic]:mapping=tex-text;
! Can't \dump a format with native fonts or font-mappings.
<*> ...05]\fi} \input \detokenize{ try_latex.tex }
                                                  
You really, really don't want to do this.
It won't work, and only confuses me.
(Load them at runtime, not as part of the format file.)

 at 10.53937pt
\font\TU/lmr/m/it/10.53937=[lmroman10-italic]:mapping=tex-text;
! Can't \dump a format with native fonts or font-mappings.
<*> ...05]\fi} \input \detokenize{ try_latex.tex }
                                                  
You really, really don't want to do this.
It won't work, and only confuses me.
(Load them at runtime, not as part of the format file.)

 at 10.53937pt
\font\l__fontspec_test_font=[FandolFang-Regular.otf]/OT
! Can't \dump a format with native fonts or font-mappings.
<*> ...05]\fi} \input \detokenize{ try_latex.tex }
                                                  
You really, really don't want to do this.
It won't work, and only confuses me.
(Load them at runtime, not as part of the format file.)

 at 10.53934pt
\font\l_fontspec_font=[FandolFang-Regular.otf]/OT
! Can't \dump a format with native fonts or font-mappings.
<*> ...05]\fi} \input \detokenize{ try_latex.tex }
                                                  
You really, really don't want to do this.
It won't work, and only confuses me.
(Load them at runtime, not as part of the format file.)

 at 10.53937pt
\font\TU/lmtt/m/n/10.53937=[lmmono10-regular]:
! Can't \dump a format with native fonts or font-mappings.
<*> ...05]\fi} \input \detokenize{ try_latex.tex }
                                                  
You really, really don't want to do this.
It won't work, and only confuses me.
(Load them at runtime, not as part of the format file.)

 at 10.53937pt
\font\l__fontspec_test_font=[FandolHei-Regular.otf]/OT
! Can't \dump a format with native fonts or font-mappings.
<*> ...05]\fi} \input \detokenize{ try_latex.tex }
                                                  
You really, really don't want to do this.
It won't work, and only confuses me.
(Load them at runtime, not as part of the format file.)

 at 10.53934pt
\font\l_fontspec_font=[FandolHei-Regular.otf]/OT
! Can't \dump a format with native fonts or font-mappings.
<*> ...05]\fi} \input \detokenize{ try_latex.tex }
                                                  
You really, really don't want to do this.
It won't work, and only confuses me.
(Load them at runtime, not as part of the format file.)

 at 10.53937pt
\font\TU/lmss/m/n/10.53937=[lmsans10-regular]:mapping=tex-text;
! Can't \dump a format with native fonts or font-mappings.
<*> ...05]\fi} \input \detokenize{ try_latex.tex }
                                                  
You really, really don't want to do this.
It won't work, and only confuses me.
(Load them at runtime, not as part of the format file.)

 at 10.53937pt
\font\l_fontspec_font=[FandolHei-Bold.otf]/OT
! Can't \dump a format with native fonts or font-mappings.
<*> ...05]\fi} \input \detokenize{ try_latex.tex }
                                                  
You really, really don't want to do this.
It won't work, and only confuses me.
(Load them at runtime, not as part of the format file.)

 at 10.53937pt
533513 words of font info for 48 preloaded fonts
1348 hyphenation exceptions
Hyphenation trie of length 437139 has 9486 ops out of 35111
  143 for language 84
  110 for language 83
  138 for language 82
  7 for language 81
  12 for language 80
  53 for language 79
  127 for language 78
  183 for language 77
  71 for language 76
  248 for language 75
  66 for language 74
  66 for language 73
  15 for language 72
  119 for language 71
  43 for language 70
  58 for language 69
  7 for language 68
  194 for language 67
  37 for language 66
  23 for language 65
  852 for language 64
  852 for language 63
  21 for language 62
  38 for language 61
  77 for language 60
  58 for language 59
  206 for language 58
  105 for language 57
  25 for language 56
  27 for language 55
  37 for language 54
  229 for language 53
  38 for language 52
  21 for language 51
  6 for language 50
  7 for language 49
  12 for language 48
  6 for language 47
  6 for language 46
  6 for language 45
  8 for language 44
  6 for language 43
  6 for language 42
  6 for language 41
  6 for language 40
  6 for language 39
  147 for language 38
  185 for language 37
  44 for language 36
  20 for language 35
  460 for language 34
  475 for language 33
  478 for language 32
  39 for language 31
  76 for language 30
  40 for language 29
  89 for language 28
  31 for language 27
  3 for language 25
  113 for language 24
  145 for language 23
  377 for language 22
  224 for language 21
  265 for language 20
  60 for language 19
  63 for language 18
  19 for language 17
  15 for language 16
  111 for language 15
  3 for language 14
  21 for language 13
  54 for language 12
  36 for language 11
  5 for language 10
  2 for language 9
  148 for language 7
  78 for language 6
  137 for language 5
  475 for language 4
  478 for language 3
  2 for language 1
  181 for language 0
No pages of output.
